Arguments: 
  C:\Program Files\nodejs\node.exe C:\Users\HP\AppData\Roaming\npm\node_modules\yarn\bin\yarn.js build

PATH: 
  C:\Program Files\Common Files\Oracle\Java\javapath;C:\WINDOWS\system32;C:\WINDOWS;C:\WINDOWS\System32\Wbem;C:\WINDOWS\System32\WindowsPowerShell\v1.0\;C:\WINDOWS\System32\OpenSSH\;C:\Program Files\nodejs\;C:\ProgramData\chocolatey\bin;C:\Program Files\Java\jdk-16.0.2\bin;C:\Users\HP\AppData\Local\Microsoft\WindowsApps;D:\flutter\bin;D:\Microsoft VS Code Insiders\bin;C:\Users\HP\AppData\Local\GitHubDesktop\bin;C:\Users\HP\AppData\Roaming\npm

Yarn version: 
  1.22.11

Node version: 
  16.6.2

Platform: 
  win32 x64

Trace: 
  SyntaxError: E:\New folder\dict-api\package.json: Unexpected token ' in JSON at position 117
      at JSON.parse (<anonymous>)
      at C:\Users\HP\AppData\Roaming\npm\node_modules\yarn\lib\cli.js:1625:59
      at Generator.next (<anonymous>)
      at step (C:\Users\HP\AppData\Roaming\npm\node_modules\yarn\lib\cli.js:310:30)
      at C:\Users\HP\AppData\Roaming\npm\node_modules\yarn\lib\cli.js:321:13

npm manifest: 
  {
    "name": "dict-api",
    "version": "1.0.0",
    "description": "",
    "main": "index.js",
    "scripts": {
      "build": 'ncc build src/action.js -o dist',
      "test": "echo \"Error: no test specified\" && exit 1"
    },
    "repository": {
      "type": "git",
      "url": "git+https://github.com/Rishanmehmi/dict-api.git"
    },
    "author": "Rishan",
    "license": "MIT",
    "bugs": {
      "url": "https://github.com/Rishanmehmi/dict-api/issues"
    },
    "homepage": "https://github.com/Rishanmehmi/dict-api#readme",
    "dependencies": {
      "@vercel/ncc": "^0.31.1"
    }
  }

yarn manifest: 
  No manifest

Lockfile: 
  # THIS IS AN AUTOGENERATED FILE. DO NOT EDIT THIS FILE DIRECTLY.
  # yarn lockfile v1
  
  
  "@vercel/ncc@^0.31.1":
    version "0.31.1"
    resolved "https://registry.yarnpkg.com/@vercel/ncc/-/ncc-0.31.1.tgz#9346c7e59326f5eeac75c0286e47df94c2d6d8f7"
    integrity sha512-g0FAxwdViI6UzsiVz5HssIHqjcPa1EHL6h+2dcJD893SoCJaGdqqgUF09xnMW6goWnnhbLvgiKlgJWrJa+7qYA==
